TN:
SF:src\config\redis.ts
FN:7,(anonymous_0)
FN:9,connectRedis
FNF:2
FNH:0
FNDA:0,(anonymous_0)
FNDA:0,connectRedis
DA:1,0
DA:3,0
DA:7,0
DA:9,0
DA:10,0
DA:11,0
DA:13,0
DA:16,0
LF:8
LH:0
BRDA:4,0,0,0
BRDA:4,0,1,0
BRDA:10,1,0,0
BRDA:10,1,1,0
BRF:4
BRH:0
end_of_record
TN:
SF:src\db\index.ts
FNF:0
FNH:0
DA:1,0
DA:2,0
DA:3,0
DA:5,0
DA:7,0
DA:8,0
LF:6
LH:0
BRDA:5,0,0,0
BRDA:5,0,1,0
BRF:2
BRH:0
end_of_record
TN:
SF:src\db\init.ts
FN:7,initDatabase
FN:26,(anonymous_2)
FN:30,(anonymous_3)
FNF:3
FNH:0
FNDA:0,initDatabase
FNDA:0,(anonymous_2)
FNDA:0,(anonymous_3)
DA:1,0
DA:2,0
DA:3,0
DA:5,0
DA:8,0
DA:9,0
DA:11,0
DA:12,0
DA:13,0
DA:14,0
DA:16,0
DA:17,0
DA:19,0
DA:24,0
DA:25,0
DA:27,0
DA:28,0
DA:31,0
DA:32,0
DA:36,0
LF:20
LH:0
BRDA:5,0,0,0
BRDA:5,0,1,0
BRDA:24,1,0,0
BRDA:24,1,1,0
BRF:4
BRH:0
end_of_record
TN:
SF:src\db\migrate.ts
FN:10,runMigrations
FN:17,(anonymous_2)
FNF:2
FNH:0
FNDA:0,runMigrations
FNDA:0,(anonymous_2)
DA:1,0
DA:2,0
DA:3,0
DA:5,0
DA:7,0
DA:8,0
DA:11,0
DA:12,0
DA:13,0
DA:14,0
DA:17,0
DA:18,0
DA:19,0
LF:13
LH:0
BRDA:5,0,0,0
BRDA:5,0,1,0
BRF:2
BRH:0
end_of_record
TN:
SF:src\db\schema.ts
FNF:0
FNH:0
DA:1,1
DA:3,1
LF:2
LH:2
BRF:0
BRH:0
end_of_record
TN:
SF:src\routes\appointments.ts
FN:16,appointmentRoutes
FN:18,(anonymous_1)
FN:38,(anonymous_2)
FN:67,(anonymous_3)
FN:93,(anonymous_4)
FN:128,(anonymous_5)
FNF:6
FNH:6
FNDA:12,appointmentRoutes
FNDA:3,(anonymous_1)
FNDA:3,(anonymous_2)
FNDA:2,(anonymous_3)
FNDA:2,(anonymous_4)
FNDA:2,(anonymous_5)
DA:2,1
DA:3,1
DA:4,1
DA:5,1
DA:6,1
DA:8,1
DA:14,1
DA:16,1
DA:18,12
DA:19,3
DA:20,3
DA:21,3
DA:23,3
DA:24,1
DA:27,2
DA:29,1
DA:31,1
DA:33,1
DA:38,12
DA:39,3
DA:40,3
DA:41,3
DA:43,3
DA:44,3
DA:45,1
DA:48,2
DA:54,2
DA:55,1
DA:58,1
DA:60,1
DA:62,0
DA:67,12
DA:68,2
DA:69,2
DA:71,1
DA:81,1
DA:83,1
DA:85,1
DA:86,1
DA:88,0
DA:93,12
DA:94,2
DA:95,2
DA:96,2
DA:98,2
DA:99,2
DA:100,2
DA:101,2
DA:102,2
DA:104,2
DA:110,2
DA:111,1
DA:115,1
DA:116,1
DA:118,1
DA:120,0
DA:121,0
DA:123,0
DA:128,12
DA:129,2
DA:130,2
DA:132,2
DA:137,2
DA:138,1
DA:142,1
DA:143,1
DA:145,1
DA:147,0
LF:68
LH:62
BRDA:23,0,0,1
BRDA:23,0,1,2
BRDA:44,1,0,1
BRDA:44,1,1,2
BRDA:54,2,0,1
BRDA:54,2,1,1
BRDA:85,3,0,1
BRDA:85,3,1,0
BRDA:99,4,0,2
BRDA:99,4,1,0
BRDA:100,5,0,1
BRDA:100,5,1,1
BRDA:101,6,0,0
BRDA:101,6,1,2
BRDA:110,7,0,1
BRDA:110,7,1,1
BRDA:120,8,0,0
BRDA:120,8,1,0
BRDA:137,9,0,1
BRDA:137,9,1,1
BRF:20
BRH:15
end_of_record
